<?xml version="1.0" encoding="UTF-8"?>
<!-- Generated by org.testng.reporters.JUnitXMLReporter -->
<testsuite ignored="0" hostname="LAPTOP-BO2D2AR6" failures="0" tests="8" name="Home loan" time="0.086" errors="0" timestamp="2021-03-05T19:05:41 GMT">
  <testcase classname="jav.auto.Test1" name="apiHomeLoan" time="0.013"/>
  <testcase classname="jav.auto.Test1" name="mobileHomeLoan" time="0.002"/>
  <testcase classname="jav.auto.Test1" name="webHomeLoan" time="0.002"/>
  <testcase classname="jav.auto.Test2" name="apiPersonalLoan" time="0.002"/>
  <testcase classname="jav.auto.Test2" name="mobilePersonalCarLoan" time="0.002"/>
  <testcase classname="jav.auto.Test2" name="mobilePersonalLoan" time="0.001"/>
  <testcase classname="jav.auto.Test2" name="mobilePersonalStudyLoan" time="0.002"/>
  <testcase classname="jav.auto.Test2" name="webPersonalLoan" time="0.001"/>
</testsuite> <!-- Home loan -->
