<?xml version="1.0" encoding="UTF-8"?>
<!-- Generated by org.testng.reporters.JUnitXMLReporter -->
<testsuite ignored="2" hostname="LAPTOP-BO2D2AR6" failures="0" tests="3" name="Personal loan" time="0.064" errors="0" timestamp="2021-03-05T19:03:41 GMT">
  <testcase classname="jav.auto.Test2" name="mobilePersonalCarLoan" time="0.01"/>
  <testcase classname="jav.auto.Test2" name="mobilePersonalLoan" time="0.002"/>
  <testcase classname="jav.auto.Test2" name="mobilePersonalStudyLoan" time="0.002"/>
  <testcase classname="jav.auto.Test2" name="apiPersonalLoan" time="0.0">
    <ignored/>
  </testcase> <!-- apiPersonalLoan -->
  <testcase classname="jav.auto.Test2" name="webPersonalLoan" time="0.0">
    <ignored/>
  </testcase> <!-- webPersonalLoan -->
</testsuite> <!-- Personal loan -->
