<?xml version="1.0" encoding="UTF-8"?>
<!-- Generated by org.testng.reporters.JUnitXMLReporter -->
<testsuite ignored="0" hostname="LAPTOP-BO2D2AR6" failures="0" tests="13" name="Default test" time="0.099" errors="0" timestamp="2021-03-05T19:39:02 GMT">
  <testcase classname="jav.auto.Test1" name="apiHomeLoan" time="0.011"/>
  <testcase classname="jav.auto.Test1" name="mobileHomeLoan" time="0.002"/>
  <testcase classname="jav.auto.Test1" name="webHomeLoan" time="0.001"/>
  <testcase classname="jav.auto.Test2" name="apiPersonalLoan" time="0.002"/>
  <testcase classname="jav.auto.Test2" name="mobilePersonalCarLoan" time="0.002"/>
  <testcase classname="jav.auto.Test2" name="mobilePersonalLoan" time="0.001"/>
  <testcase classname="jav.auto.Test2" name="mobilePersonalStudyLoan" time="0.002"/>
  <testcase classname="jav.auto.Test2" name="webPersonalLoan" time="0.003"/>
  <testcase classname="jav.auto.Test3" name="are" time="0.002"/>
  <testcase classname="jav.auto.Test3" name="helloGood" time="0.002"/>
  <testcase classname="jav.auto.Test3" name="hi" time="0.002"/>
  <testcase classname="jav.auto.Test3" name="how" time="0.001"/>
  <testcase classname="jav.auto.Test3" name="you" time="0.002"/>
</testsuite> <!-- Default test -->
