<?xml version="1.0" encoding="UTF-8"?>
<testng-results ignored="8" total="13" passed="5" failed="0" skipped="0">
  <reporter-output>
    <line>
      <![CDATA[1st method]]>
    </line>
    <line>
      <![CDATA[apiPersonalLoan method]]>
    </line>
    <line>
      <![CDATA[mobilePersonalCarLoan mthd]]>
    </line>
    <line>
      <![CDATA[hi]]>
    </line>
    <line>
      <![CDATA[you]]>
    </line>
  </reporter-output>
  <suite started-at="2021-03-05T19:45:07 GMT" name="Testcases" finished-at="2021-03-05T19:45:07 GMT" duration-ms="82">
    <groups>
      <group name="smoke">
        <method signature="Test1.webHomeLoan()[pri:0, instance:jav.auto.Test1@222114ba]" name="webHomeLoan" class="jav.auto.Test1"/>
        <method signature="Test2.apiPersonalLoan()[pri:0, instance:jav.auto.Test2@16e7dcfd]" name="apiPersonalLoan" class="jav.auto.Test2"/>
        <method signature="Test2.mobilePersonalCarLoan()[pri:0, instance:jav.auto.Test2@16e7dcfd]" name="mobilePersonalCarLoan" class="jav.auto.Test2"/>
        <method signature="Test3.hi()[pri:0, instance:jav.auto.Test3@3d121db3]" name="hi" class="jav.auto.Test3"/>
        <method signature="Test3.you()[pri:0, instance:jav.auto.Test3@3d121db3]" name="you" class="jav.auto.Test3"/>
      </group> <!-- smoke -->
    </groups>
    <test started-at="2021-03-05T19:45:07 GMT" name="Regression" finished-at="2021-03-05T19:45:07 GMT" duration-ms="82">
      <class name="jav.auto.Test1">
        <test-method signature="webHomeLoan()[pri:0, instance:jav.auto.Test1@222114ba]" started-at="2021-03-05T19:45:07 GMT" name="webHomeLoan" finished-at="2021-03-05T19:45:07 GMT" duration-ms="12" status="PASS">
          <reporter-output>
            <line>
              <![CDATA[1st method]]>
            </line>
          </reporter-output>
        </test-method> <!-- webHomeLoan -->
      </class> <!-- jav.auto.Test1 -->
      <class name="jav.auto.Test2">
        <test-method signature="apiPersonalLoan()[pri:0, instance:jav.auto.Test2@16e7dcfd]" started-at="2021-03-05T19:45:07 GMT" name="apiPersonalLoan" finished-at="2021-03-05T19:45:07 GMT" duration-ms="1" status="PASS">
          <reporter-output>
            <line>
              <![CDATA[apiPersonalLoan method]]>
            </line>
          </reporter-output>
        </test-method> <!-- apiPersonalLoan -->
        <test-method signature="mobilePersonalCarLoan()[pri:0, instance:jav.auto.Test2@16e7dcfd]" started-at="2021-03-05T19:45:07 GMT" name="mobilePersonalCarLoan" finished-at="2021-03-05T19:45:07 GMT" duration-ms="1" status="PASS">
          <reporter-output>
            <line>
              <![CDATA[mobilePersonalCarLoan mthd]]>
            </line>
          </reporter-output>
        </test-method> <!-- mobilePersonalCarLoan -->
      </class> <!-- jav.auto.Test2 -->
      <class name="jav.auto.Test3">
        <test-method signature="hi()[pri:0, instance:jav.auto.Test3@3d121db3]" started-at="2021-03-05T19:45:07 GMT" name="hi" finished-at="2021-03-05T19:45:07 GMT" duration-ms="1" status="PASS">
          <reporter-output>
            <line>
              <![CDATA[hi]]>
            </line>
          </reporter-output>
        </test-method> <!-- hi -->
        <test-method signature="you()[pri:0, instance:jav.auto.Test3@3d121db3]" started-at="2021-03-05T19:45:07 GMT" name="you" finished-at="2021-03-05T19:45:07 GMT" duration-ms="1" status="PASS">
          <reporter-output>
            <line>
              <![CDATA[you]]>
            </line>
          </reporter-output>
        </test-method> <!-- you -->
      </class> <!-- jav.auto.Test3 -->
    </test> <!-- Regression -->
  </suite> <!-- Testcases -->
</testng-results>
