<?xml version="1.0" encoding="UTF-8"?>
<!-- Generated by org.testng.reporters.JUnitXMLReporter -->
<testsuite ignored="8" hostname="LAPTOP-BO2D2AR6" failures="0" tests="5" name="Regression" time="0.082" errors="0" timestamp="2021-03-05T19:45:07 GMT">
  <testcase classname="jav.auto.Test1" name="webHomeLoan" time="0.012"/>
  <testcase classname="jav.auto.Test2" name="apiPersonalLoan" time="0.001"/>
  <testcase classname="jav.auto.Test2" name="mobilePersonalCarLoan" time="0.001"/>
  <testcase classname="jav.auto.Test3" name="hi" time="0.001"/>
  <testcase classname="jav.auto.Test3" name="you" time="0.001"/>
  <testcase classname="jav.auto.Test2" name="mobilePersonalLoan" time="0.0">
    <ignored/>
  </testcase> <!-- mobilePersonalLoan -->
  <testcase classname="jav.auto.Test1" name="mobileHomeLoan" time="0.0">
    <ignored/>
  </testcase> <!-- mobileHomeLoan -->
  <testcase classname="jav.auto.Test3" name="how" time="0.0">
    <ignored/>
  </testcase> <!-- how -->
  <testcase classname="jav.auto.Test1" name="apiHomeLoan" time="0.0">
    <ignored/>
  </testcase> <!-- apiHomeLoan -->
  <testcase classname="jav.auto.Test2" name="webPersonalLoan" time="0.0">
    <ignored/>
  </testcase> <!-- webPersonalLoan -->
  <testcase classname="jav.auto.Test3" name="helloGood" time="0.0">
    <ignored/>
  </testcase> <!-- helloGood -->
  <testcase classname="jav.auto.Test3" name="are" time="0.0">
    <ignored/>
  </testcase> <!-- are -->
  <testcase classname="jav.auto.Test2" name="mobilePersonalStudyLoan" time="0.0">
    <ignored/>
  </testcase> <!-- mobilePersonalStudyLoan -->
</testsuite> <!-- Regression -->
